*** Using Compiler 'V5.06 update 1 (build 61)', folder: 'D:\SoftWare\MDK\ARM\ARMCC\Bin'
Build target 'Target 1'
compiling Smp_IO.c...
compiling Fans.c...
compiling main.c...
compiling Main_Func.c...
compiling RTOS_Task.c...
compiling stm32f10x_it.c...
compiling M24Cxx.c...
compiling usart.c...
compiling PID.c...
compiling Command.c...
compiling IIC.c...
compiling PWM.c...
compiling timer.c...
compiling ParamSave.c...
Hardware\ParamSave\ParamSave.c(160): warning:  #2748-D: null argument provided for parameter marked with attribute "nonnull"
  			memset(
aramSave_Ram, 0, 
aramSave_RamSize);
Hardware\ParamSave\ParamSave.c: 1 warning, 0 errors
compiling DS18B20.c...
linking...
Program Size: Code=28672 RO-data=1232 RW-data=648 ZI-data=43832  
FromELF: creating hex file...
".\Objects\stm32.axf" - 0 Error(s), 1 Warning(s).
Build Time Elapsed:  00:00:06
